{
  "RSpec": {
    "coverage": {
      "/Users/student/Documents/Projects/Week-10/bank/spec/account_spec.rb": [
        null,
        null,
        1,
        null,
        1,
        null,
        1,
        1,
        1,
        null,
        1,
        1,
        null,
        null,
        null,
        1,
        1,
        1,
        null,
        1,
        1,
        1,
        1,
        null,
        null,
        null,
        1,
        1,
        1,
        null,
        1,
        1,
        1,
        null,
        1,
        1,
        1,
        null,
        1,
        1,
        1,
        null,
        1,
        1,
        1,
        null,
        1,
        1,
        1,
        1,
        null,
        null,
        null,
        1,
        1,
        1,
        null,
        1,
        1,
        1,
        1,
        null,
        1,
        1,
        1,
        null,
        1,
        1,
        1,
        1,
        null,
        null,
        null,
        null,
        null,
        null,
        null,
        null,
        null,
        null,
        null,
        null,
        null,
        null,
        null,
        null,
        null
      ],
      "/Users/student/Documents/Projects/Week-10/bank/lib/account.rb": [
        null,
        null,
        null,
        null,
        1,
        1,
        null,
        1,
        14,
        14,
        null,
        null,
        1,
        2,
        2,
        1,
        null,
        2,
        null,
        null,
        1,
        8,
        8,
        null,
        null,
        1,
        3,
        3,
        null,
        null,
        1,
        null,
        1,
        8,
        null,
        null,
        1,
        16,
        null,
        null
      ]
    },
    "timestamp": 1574098998
  }
}
