{
  "RSpec": {
    "coverage": {
      "/Users/student/Documents/Projects/Week-10/bank/spec/account_spec.rb": [
        null,
        null,
        1,
        null,
        1,
        1,
        10,
        null,
        null,
        null,
        null,
        null,
        11,
        1,
        8,
        null,
        null,
        null,
        null,
        null,
        9,
        2,
        2,
        null,
        1,
        1,
        1,
        null,
        1,
        1,
        null,
        null,
        null,
        1,
        1,
        1,
        null,
        1,
        1,
        1,
        null,
        1,
        1,
        1,
        null,
        1,
        1,
        1,
        null,
        1,
        1,
        1,
        null,
        1,
        1,
        1,
        null,
        null,
        null,
        1,
        1,
        1,
        null,
        1,
        1,
        1,
        1,
        null,
        1,
        1,
        1,
        null,
        1,
        1,
        null,
        null,
        null,
        1,
        1,
        1,
        1,
        null,
        1,
        1,
        1,
        null,
        1,
        1,
        1,
        1,
        null,
        1,
        1,
        1,
        1,
        null,
        1,
        1,
        1,
        1,
        null,
        null,
        null,
        1,
        1,
        1,
        1,
        null,
        null,
        null
      ],
      "/Users/student/Documents/Projects/Week-10/bank/lib/account.rb": [
        null,
        null,
        null,
        null,
        1,
        1,
        null,
        1,
        1,
        null,
        1,
        18,
        18,
        null,
        null,
        1,
        10,
        10,
        null,
        null,
        null,
        null,
        1,
        8,
        5,
        5,
        null,
        null,
        null,
        3,
        null,
        null,
        null,
        1,
        1,
        null,
        null
      ],
      "/Users/student/Documents/Projects/Week-10/bank/lib/transaction.rb": [
        null,
        null,
        null,
        null,
        1,
        1,
        null,
        1,
        4,
        4,
        4,
        4,
        null,
        null
      ],
      "/Users/student/Documents/Projects/Week-10/bank/lib/statement.rb": [
        null,
        null,
        null,
        null,
        1,
        null,
        1,
        4,
        4,
        5,
        null,
        4,
        null,
        null,
        1,
        null,
        1,
        5,
        null,
        null,
        1,
        15,
        null,
        5,
        null,
        null,
        null
      ],
      "/Users/student/Documents/Projects/Week-10/bank/spec/statement_spec.rb": [
        null,
        null,
        1,
        null,
        1,
        1,
        3,
        null,
        null,
        null,
        null,
        1,
        2,
        null,
        null,
        null,
        null,
        null,
        null,
        1,
        1,
        1,
        1,
        null,
        null,
        null,
        1,
        1,
        1,
        null,
        null,
        null,
        1,
        1,
        1,
        null,
        null,
        null,
        1,
        1,
        1,
        null,
        null,
        null,
        null,
        null
      ],
      "/Users/student/Documents/Projects/Week-10/bank/spec/transaction_spec.rb": [
        null,
        null,
        1,
        null,
        1,
        1,
        1,
        1,
        null,
        null,
        1,
        1,
        1,
        null,
        null,
        1,
        1,
        1,
        1,
        null,
        null,
        1,
        1,
        1,
        null,
        null
      ]
    },
    "timestamp": 1574167033
  }
}
